# JRE version: OpenJDK Runtime Environment Temurin-21.0.8+9 (21.0.8+9) (build 21.0.8+9-LTS)
# Java VM: OpenJDK 64-Bit Server VM Temurin-21.0.8+9 (21.0.8+9-LTS, mixed mode, sharing, tiered, compressed oops, compressed class ptrs, parallel gc, windows-amd64)
GC Precious Log:
 CardTable entry size: 512
 CPUs: 4 total, 4 available
 Memory: 16264M
 Large Page Support: Disabled
 NUMA Support: Disabled
 Compressed Oops: Enabled (32-bit)
 Alignments: Space 512K, Generation 512K, Heap 2M
 Heap Min Capacity: 100M
 Heap Initial Capacity: 100M
 Heap Max Capacity: 2G
 Pre-touch: Disabled
 Parallel Workers: 4
Heap:
 PSYoungGen      total 16896K, used 16268K [0x00000000d5580000, 0x00000000d6880000, 0x0000000100000000)
  eden space 16384K, 96% used [0x00000000d5580000,0x00000000d6501f30,0x00000000d6580000)
  from space 512K, 75% used [0x00000000d6600000,0x00000000d6661420,0x00000000d6680000)
  to   space 1024K, 0% used [0x00000000d6780000,0x00000000d6780000,0x00000000d6880000)
 ParOldGen       total 102400K, used 102054K [0x0000000080000000, 0x0000000086400000, 0x00000000d5580000)
  object space 102400K, 99% used [0x0000000080000000,0x00000000863a9a18,0x0000000086400000)
 Metaspace       used 68655K, committed 70336K, reserved 1114112K
  class space    used 7217K, committed 7936K, reserved 1048576K
GC Heap History (20 events):
Event: 96.645 GC heap before
{Heap before GC invocations=73 (full 3):
 PSYoungGen      total 18432K, used 18016K [0x00000000d5580000, 0x00000000d6900000, 0x0000000100000000)
  eden space 16896K, 100% used [0x00000000d5580000,0x00000000d6600000,0x00000000d6600000)
  from space 1536K, 72% used [0x00000000d6680000,0x00000000d6798000,0x00000000d6800000)
  to   space 1024K, 0% used [0x00000000d6800000,0x00000000d6800000,0x00000000d6900000)
 ParOldGen       total 92672K, used 92422K [0x0000000080000000, 0x0000000085a80000, 0x00000000d5580000)
  object space 92672K, 99% used [0x0000000080000000,0x0000000085a419f0,0x0000000085a80000)
 Metaspace       used 65536K, committed 67072K, reserved 1114112K
  class space    used 6981K, committed 7616K, reserved 1048576K
}
Event: 96.652 GC heap after
{Heap after GC invocations=73 (full 3):
 PSYoungGen      total 17408K, used 992K [0x00000000d5580000, 0x00000000d6b00000, 0x0000000100000000)
  eden space 16384K, 0% used [0x00000000d5580000,0x00000000d5580000,0x00000000d6580000)
  from space 1024K, 96% used [0x00000000d6800000,0x00000000d68f8020,0x00000000d6900000)
  to   space 2560K, 0% used [0x00000000d6580000,0x00000000d6580000,0x00000000d6800000)
 ParOldGen       total 94208K, used 93740K [0x0000000080000000, 0x0000000085c00000, 0x00000000d5580000)
  object space 94208K, 99% used [0x0000000080000000,0x0000000085b8b1d0,0x0000000085c00000)
 Metaspace       used 65536K, committed 67072K, reserved 1114112K
  class space    used 6981K, committed 7616K, reserved 1048576K
}
Event: 97.072 GC heap before
{Heap before GC invocations=74 (full 3):
 PSYoungGen      total 17408K, used 17376K [0x00000000d5580000, 0x00000000d6b00000, 0x0000000100000000)
  eden space 16384K, 100% used [0x00000000d5580000,0x00000000d6580000,0x00000000d6580000)
  from space 1024K, 96% used [0x00000000d6800000,0x00000000d68f8020,0x00000000d6900000)
  to   space 2560K, 0% used [0x00000000d6580000,0x00000000d6580000,0x00000000d6800000)
 ParOldGen       total 94208K, used 93740K [0x0000000080000000, 0x0000000085c00000, 0x00000000d5580000)
  object space 94208K, 99% used [0x0000000080000000,0x0000000085b8b1d0,0x0000000085c00000)
 Metaspace       used 65916K, committed 67520K, reserved 1114112K
  class space    used 7015K, committed 7680K, reserved 1048576K
}
Event: 97.076 GC heap after
{Heap after GC invocations=74 (full 3):
 PSYoungGen      total 18432K, used 1621K [0x00000000d5580000, 0x00000000d6980000, 0x0000000100000000)
  eden space 16384K, 0% used [0x00000000d5580000,0x00000000d5580000,0x00000000d6580000)
  from space 2048K, 79% used [0x00000000d6580000,0x00000000d67154a8,0x00000000d6780000)
  to   space 2048K, 0% used [0x00000000d6780000,0x00000000d6780000,0x00000000d6980000)
 ParOldGen       total 94720K, used 94432K [0x0000000080000000, 0x0000000085c80000, 0x00000000d5580000)
  object space 94720K, 99% used [0x0000000080000000,0x0000000085c381e0,0x0000000085c80000)
 Metaspace       used 65916K, committed 67520K, reserved 1114112K
  class space    used 7015K, committed 7680K, reserved 1048576K
}
Event: 97.250 GC heap before
{Heap before GC invocations=75 (full 3):
 PSYoungGen      total 18432K, used 18005K [0x00000000d5580000, 0x00000000d6980000, 0x0000000100000000)
  eden space 16384K, 100% used [0x00000000d5580000,0x00000000d6580000,0x00000000d6580000)
  from space 2048K, 79% used [0x00000000d6580000,0x00000000d67154a8,0x00000000d6780000)
  to   space 2048K, 0% used [0x00000000d6780000,0x00000000d6780000,0x00000000d6980000)
 ParOldGen       total 94720K, used 94432K [0x0000000080000000, 0x0000000085c80000, 0x00000000d5580000)
  object space 94720K, 99% used [0x0000000080000000,0x0000000085c381e0,0x0000000085c80000)
 Metaspace       used 65951K, committed 67520K, reserved 1114112K
  class space    used 7015K, committed 7680K, reserved 1048576K
}
Event: 97.257 GC heap after
{Heap after GC invocations=75 (full 3):
 PSYoungGen      total 18432K, used 1632K [0x00000000d5580000, 0x00000000d6980000, 0x0000000100000000)
  eden space 16384K, 0% used [0x00000000d5580000,0x00000000d5580000,0x00000000d6580000)
  from space 2048K, 79% used [0x00000000d6780000,0x00000000d6918000,0x00000000d6980000)
  to   space 2048K, 0% used [0x00000000d6580000,0x00000000d6580000,0x00000000d6780000)
 ParOldGen       total 96256K, used 95971K [0x0000000080000000, 0x0000000085e00000, 0x00000000d5580000)
  object space 96256K, 99% used [0x0000000080000000,0x0000000085db8f10,0x0000000085e00000)
 Metaspace       used 65951K, committed 67520K, reserved 1114112K
  class space    used 7015K, committed 7680K, reserved 1048576K
}
Event: 97.508 GC heap before
{Heap before GC invocations=76 (full 3):
 PSYoungGen      total 18432K, used 18016K [0x00000000d5580000, 0x00000000d6980000, 0x0000000100000000)
  eden space 16384K, 100% used [0x00000000d5580000,0x00000000d6580000,0x00000000d6580000)
  from space 2048K, 79% used [0x00000000d6780000,0x00000000d6918000,0x00000000d6980000)
  to   space 2048K, 0% used [0x00000000d6580000,0x00000000d6580000,0x00000000d6780000)
 ParOldGen       total 96256K, used 95971K [0x0000000080000000, 0x0000000085e00000, 0x00000000d5580000)
  object space 96256K, 99% used [0x0000000080000000,0x0000000085db8f10,0x0000000085e00000)
 Metaspace       used 66024K, committed 67584K, reserved 1114112K
  class space    used 7015K, committed 7680K, reserved 1048576K
}
Event: 97.513 GC heap after
{Heap after GC invocations=76 (full 3):
 PSYoungGen      total 17408K, used 928K [0x00000000d5580000, 0x00000000d6880000, 0x0000000100000000)
  eden space 16384K, 0% used [0x00000000d5580000,0x00000000d5580000,0x00000000d6580000)
  from space 1024K, 90% used [0x00000000d6580000,0x00000000d6668010,0x00000000d6680000)
  to   space 1536K, 0% used [0x00000000d6700000,0x00000000d6700000,0x00000000d6880000)
 ParOldGen       total 96768K, used 96715K [0x0000000080000000, 0x0000000085e80000, 0x00000000d5580000)
  object space 96768K, 99% used [0x0000000080000000,0x0000000085e72f10,0x0000000085e80000)
 Metaspace       used 66024K, committed 67584K, reserved 1114112K
  class space    used 7015K, committed 7680K, reserved 1048576K
}
Event: 98.214 GC heap before
{Heap before GC invocations=77 (full 3):
 PSYoungGen      total 17408K, used 17312K [0x00000000d5580000, 0x00000000d6880000, 0x0000000100000000)
  eden space 16384K, 100% used [0x00000000d5580000,0x00000000d6580000,0x00000000d6580000)
  from space 1024K, 90% used [0x00000000d6580000,0x00000000d6668010,0x00000000d6680000)
  to   space 1536K, 0% used [0x00000000d6700000,0x00000000d6700000,0x00000000d6880000)
 ParOldGen       total 96768K, used 96715K [0x0000000080000000, 0x0000000085e80000, 0x00000000d5580000)
  object space 96768K, 99% used [0x0000000080000000,0x0000000085e72f10,0x0000000085e80000)
 Metaspace       used 66134K, committed 67712K, reserved 1114112K
  class space    used 7026K, committed 7680K, reserved 1048576K
}
Event: 98.217 GC heap after
{Heap after GC invocations=77 (full 3):
 PSYoungGen      total 17920K, used 1216K [0x00000000d5580000, 0x00000000d6880000, 0x0000000100000000)
  eden space 16384K, 0% used [0x00000000d5580000,0x00000000d5580000,0x00000000d6580000)
  from space 1536K, 79% used [0x00000000d6700000,0x00000000d6830020,0x00000000d6880000)
  to   space 1536K, 0% used [0x00000000d6580000,0x00000000d6580000,0x00000000d6700000)
 ParOldGen       total 97792K, used 97443K [0x0000000080000000, 0x0000000085f80000, 0x00000000d5580000)
  object space 97792K, 99% used [0x0000000080000000,0x0000000085f28f10,0x0000000085f80000)
 Metaspace       used 66134K, committed 67712K, reserved 1114112K
  class space    used 7026K, committed 7680K, reserved 1048576K
}
Event: 99.227 GC heap before
{Heap before GC invocations=78 (full 3):
 PSYoungGen      total 17920K, used 17600K [0x00000000d5580000, 0x00000000d6880000, 0x0000000100000000)
  eden space 16384K, 100% used [0x00000000d5580000,0x00000000d6580000,0x00000000d6580000)
  from space 1536K, 79% used [0x00000000d6700000,0x00000000d6830020,0x00000000d6880000)
  to   space 1536K, 0% used [0x00000000d6580000,0x00000000d6580000,0x00000000d6700000)
 ParOldGen       total 97792K, used 97443K [0x0000000080000000, 0x0000000085f80000, 0x00000000d5580000)
  object space 97792K, 99% used [0x0000000080000000,0x0000000085f28f10,0x0000000085f80000)
 Metaspace       used 66538K, committed 68096K, reserved 1114112K
  class space    used 7065K, committed 7680K, reserved 1048576K
}
Event: 99.231 GC heap after
{Heap after GC invocations=78 (full 3):
 PSYoungGen      total 17408K, used 672K [0x00000000d5580000, 0x00000000d6780000, 0x0000000100000000)
  eden space 16384K, 0% used [0x00000000d5580000,0x00000000d5580000,0x00000000d6580000)
  from space 1024K, 65% used [0x00000000d6580000,0x00000000d6628000,0x00000000d6680000)
  to   space 1024K, 0% used [0x00000000d6680000,0x00000000d6680000,0x00000000d6780000)
 ParOldGen       total 98816K, used 98467K [0x0000000080000000, 0x0000000086080000, 0x00000000d5580000)
  object space 98816K, 99% used [0x0000000080000000,0x0000000086028f30,0x0000000086080000)
 Metaspace       used 66538K, committed 68096K, reserved 1114112K
  class space    used 7065K, committed 7680K, reserved 1048576K
}
Event: 99.952 GC heap before
{Heap before GC invocations=79 (full 3):
 PSYoungGen      total 17408K, used 17056K [0x00000000d5580000, 0x00000000d6780000, 0x0000000100000000)
  eden space 16384K, 100% used [0x00000000d5580000,0x00000000d6580000,0x00000000d6580000)
  from space 1024K, 65% used [0x00000000d6580000,0x00000000d6628000,0x00000000d6680000)
  to   space 1024K, 0% used [0x00000000d6680000,0x00000000d6680000,0x00000000d6780000)
 ParOldGen       total 98816K, used 98467K [0x0000000080000000, 0x0000000086080000, 0x00000000d5580000)
  object space 98816K, 99% used [0x0000000080000000,0x0000000086028f30,0x0000000086080000)
 Metaspace       used 66935K, committed 68544K, reserved 1114112K
  class space    used 7096K, committed 7744K, reserved 1048576K
}
Event: 99.955 GC heap after
{Heap after GC invocations=79 (full 3):
 PSYoungGen      total 17408K, used 384K [0x00000000d5580000, 0x00000000d6780000, 0x0000000100000000)
  eden space 16384K, 0% used [0x00000000d5580000,0x00000000d5580000,0x00000000d6580000)
  from space 1024K, 37% used [0x00000000d6680000,0x00000000d66e0000,0x00000000d6780000)
  to   space 1024K, 0% used [0x00000000d6580000,0x00000000d6580000,0x00000000d6680000)
 ParOldGen       total 99328K, used 98873K [0x0000000080000000, 0x0000000086100000, 0x00000000d5580000)
  object space 99328K, 99% used [0x0000000080000000,0x000000008608e668,0x0000000086100000)
 Metaspace       used 66935K, committed 68544K, reserved 1114112K
  class space    used 7096K, committed 7744K, reserved 1048576K
}
Event: 100.699 GC heap before
{Heap before GC invocations=80 (full 3):
 PSYoungGen      total 17408K, used 16763K [0x00000000d5580000, 0x00000000d6780000, 0x0000000100000000)
  eden space 16384K, 99% used [0x00000000d5580000,0x00000000d657ec30,0x00000000d6580000)
  from space 1024K, 37% used [0x00000000d6680000,0x00000000d66e0000,0x00000000d6780000)
  to   space 1024K, 0% used [0x00000000d6580000,0x00000000d6580000,0x00000000d6680000)
 ParOldGen       total 99328K, used 98873K [0x0000000080000000, 0x0000000086100000, 0x00000000d5580000)
  object space 99328K, 99% used [0x0000000080000000,0x000000008608e668,0x0000000086100000)
 Metaspace       used 67351K, committed 68864K, reserved 1114112K
  class space    used 7127K, committed 7744K, reserved 1048576K
}
Event: 100.706 GC heap after
{Heap after GC invocations=80 (full 3):
 PSYoungGen      total 17408K, used 1008K [0x00000000d5580000, 0x00000000d6a80000, 0x0000000100000000)
  eden space 16384K, 0% used [0x00000000d5580000,0x00000000d5580000,0x00000000d6580000)
  from space 1024K, 98% used [0x00000000d6580000,0x00000000d667c050,0x00000000d6680000)
  to   space 2560K, 0% used [0x00000000d6800000,0x00000000d6800000,0x00000000d6a80000)
 ParOldGen       total 100352K, used 99901K [0x0000000080000000, 0x0000000086200000, 0x00000000d5580000)
  object space 100352K, 99% used [0x0000000080000000,0x000000008618f608,0x0000000086200000)
 Metaspace       used 67351K, committed 68864K, reserved 1114112K
  class space    used 7127K, committed 7744K, reserved 1048576K
}
Event: 101.560 GC heap before
{Heap before GC invocations=81 (full 3):
 PSYoungGen      total 17408K, used 17392K [0x00000000d5580000, 0x00000000d6a80000, 0x0000000100000000)
  eden space 16384K, 100% used [0x00000000d5580000,0x00000000d6580000,0x00000000d6580000)
  from space 1024K, 98% used [0x00000000d6580000,0x00000000d667c050,0x00000000d6680000)
  to   space 2560K, 0% used [0x00000000d6800000,0x00000000d6800000,0x00000000d6a80000)
 ParOldGen       total 100352K, used 99901K [0x0000000080000000, 0x0000000086200000, 0x00000000d5580000)
  object space 100352K, 99% used [0x0000000080000000,0x000000008618f608,0x0000000086200000)
 Metaspace       used 67914K, committed 69504K, reserved 1114112K
  class space    used 7148K, committed 7808K, reserved 1048576K
}
Event: 101.568 GC heap after
{Heap after GC invocations=81 (full 3):
 PSYoungGen      total 18432K, used 1824K [0x00000000d5580000, 0x00000000d6a00000, 0x0000000100000000)
  eden space 16384K, 0% used [0x00000000d5580000,0x00000000d5580000,0x00000000d6580000)
  from space 2048K, 89% used [0x00000000d6800000,0x00000000d69c8010,0x00000000d6a00000)
  to   space 2048K, 0% used [0x00000000d6600000,0x00000000d6600000,0x00000000d6800000)
 ParOldGen       total 100864K, used 100772K [0x0000000080000000, 0x0000000086280000, 0x00000000d5580000)
  object space 100864K, 99% used [0x0000000080000000,0x0000000086269220,0x0000000086280000)
 Metaspace       used 67914K, committed 69504K, reserved 1114112K
  class space    used 7148K, committed 7808K, reserved 1048576K
}
Event: 378.010 GC heap before
{Heap before GC invocations=82 (full 3):
 PSYoungGen      total 18432K, used 18206K [0x00000000d5580000, 0x00000000d6a00000, 0x0000000100000000)
  eden space 16384K, 99% used [0x00000000d5580000,0x00000000d657faf0,0x00000000d6580000)
  from space 2048K, 89% used [0x00000000d6800000,0x00000000d69c8010,0x00000000d6a00000)
  to   space 2048K, 0% used [0x00000000d6600000,0x00000000d6600000,0x00000000d6800000)
 ParOldGen       total 100864K, used 100772K [0x0000000080000000, 0x0000000086280000, 0x00000000d5580000)
  object space 100864K, 99% used [0x0000000080000000,0x0000000086269220,0x0000000086280000)
 Metaspace       used 68596K, committed 70272K, reserved 1114112K
  class space    used 7212K, committed 7936K, reserved 1048576K
}
Event: 378.015 GC heap after
{Heap after GC invocations=82 (full 3):
 PSYoungGen      total 16896K, used 389K [0x00000000d5580000, 0x00000000d6880000, 0x0000000100000000)
  eden space 16384K, 0% used [0x00000000d5580000,0x00000000d5580000,0x00000000d6580000)
  from space 512K, 75% used [0x00000000d6600000,0x00000000d6661420,0x00000000d6680000)
  to   space 1024K, 0% used [0x00000000d6780000,0x00000000d6780000,0x00000000d6880000)
 ParOldGen       total 102400K, used 102054K [0x0000000080000000, 0x0000000086400000, 0x00000000d5580000)
  object space 102400K, 99% used [0x0000000080000000,0x00000000863a9a18,0x0000000086400000)
 Metaspace       used 68596K, committed 70272K, reserved 1114112K
  class space    used 7212K, committed 7936K, reserved 1048576K
}

