# JRE version: OpenJDK Runtime Environment Temurin-21.0.8+9 (21.0.8+9) (build 21.0.8+9-LTS)
# Java VM: OpenJDK 64-Bit Server VM Temurin-21.0.8+9 (21.0.8+9-LTS, mixed mode, sharing, tiered, compressed oops, compressed class ptrs, parallel gc, windows-amd64)
GC Precious Log:
 CardTable entry size: 512
 CPUs: 4 total, 4 available
 Memory: 16264M
 Large Page Support: Disabled
 NUMA Support: Disabled
 Compressed Oops: Enabled (32-bit)
 Alignments: Space 512K, Generation 512K, Heap 2M
 Heap Min Capacity: 100M
 Heap Initial Capacity: 100M
 Heap Max Capacity: 2G
 Pre-touch: Disabled
 Parallel Workers: 4
Heap:
 PSYoungGen      total 5632K, used 1457K [0x00000000d5580000, 0x00000000d5c00000, 0x0000000100000000)
  eden space 5120K, 25% used [0x00000000d5580000,0x00000000d56cc738,0x00000000d5a80000)
  from space 512K, 25% used [0x00000000d5b80000,0x00000000d5ba0000,0x00000000d5c00000)
  to   space 512K, 0% used [0x00000000d5b00000,0x00000000d5b00000,0x00000000d5b80000)
 ParOldGen       total 1349120K, used 1348759K [0x0000000080000000, 0x00000000d2580000, 0x00000000d5580000)
  object space 1349120K, 99% used [0x0000000080000000,0x00000000d2525fb0,0x00000000d2580000)
 Metaspace       used 106999K, committed 108864K, reserved 1179648K
  class space    used 10691K, committed 11584K, reserved 1048576K
GC Heap History (20 events):
Event: 39790.753 GC heap before
{Heap before GC invocations=7735 (full 12):
 PSYoungGen      total 2560K, used 2390K [0x00000000d5580000, 0x00000000d5a00000, 0x0000000100000000)
  eden space 2048K, 100% used [0x00000000d5580000,0x00000000d5780000,0x00000000d5780000)
  from space 512K, 66% used [0x00000000d5980000,0x00000000d59d5b78,0x00000000d5a00000)
  to   space 512K, 0% used [0x00000000d5900000,0x00000000d5900000,0x00000000d5980000)
 ParOldGen       total 1343488K, used 1342996K [0x0000000080000000, 0x00000000d2000000, 0x00000000d5580000)
  object space 1343488K, 99% used [0x0000000080000000,0x00000000d1f852c0,0x00000000d2000000)
 Metaspace       used 106995K, committed 108864K, reserved 1179648K
  class space    used 10691K, committed 11584K, reserved 1048576K
}
Event: 39790.761 GC heap after
{Heap after GC invocations=7735 (full 12):
 PSYoungGen      total 3072K, used 416K [0x00000000d5580000, 0x00000000d5a00000, 0x0000000100000000)
  eden space 2560K, 0% used [0x00000000d5580000,0x00000000d5580000,0x00000000d5800000)
  from space 512K, 81% used [0x00000000d5900000,0x00000000d5968000,0x00000000d5980000)
  to   space 512K, 0% used [0x00000000d5980000,0x00000000d5980000,0x00000000d5a00000)
 ParOldGen       total 1343488K, used 1343212K [0x0000000080000000, 0x00000000d2000000, 0x00000000d5580000)
  object space 1343488K, 99% used [0x0000000080000000,0x00000000d1fbb2c0,0x00000000d2000000)
 Metaspace       used 106995K, committed 108864K, reserved 1179648K
  class space    used 10691K, committed 11584K, reserved 1048576K
}
Event: 39790.771 GC heap before
{Heap before GC invocations=7736 (full 12):
 PSYoungGen      total 3072K, used 2976K [0x00000000d5580000, 0x00000000d5a00000, 0x0000000100000000)
  eden space 2560K, 100% used [0x00000000d5580000,0x00000000d5800000,0x00000000d5800000)
  from space 512K, 81% used [0x00000000d5900000,0x00000000d5968000,0x00000000d5980000)
  to   space 512K, 0% used [0x00000000d5980000,0x00000000d5980000,0x00000000d5a00000)
 ParOldGen       total 1343488K, used 1343212K [0x0000000080000000, 0x00000000d2000000, 0x00000000d5580000)
  object space 1343488K, 99% used [0x0000000080000000,0x00000000d1fbb2c0,0x00000000d2000000)
 Metaspace       used 106995K, committed 108864K, reserved 1179648K
  class space    used 10691K, committed 11584K, reserved 1048576K
}
Event: 39790.775 GC heap after
{Heap after GC invocations=7736 (full 12):
 PSYoungGen      total 3072K, used 496K [0x00000000d5580000, 0x00000000d5b80000, 0x0000000100000000)
  eden space 2560K, 0% used [0x00000000d5580000,0x00000000d5580000,0x00000000d5800000)
  from space 512K, 96% used [0x00000000d5980000,0x00000000d59fc010,0x00000000d5a00000)
  to   space 1536K, 0% used [0x00000000d5800000,0x00000000d5800000,0x00000000d5980000)
 ParOldGen       total 1344512K, used 1344060K [0x0000000080000000, 0x00000000d2100000, 0x00000000d5580000)
  object space 1344512K, 99% used [0x0000000080000000,0x00000000d208f2c0,0x00000000d2100000)
 Metaspace       used 106995K, committed 108864K, reserved 1179648K
  class space    used 10691K, committed 11584K, reserved 1048576K
}
Event: 39790.789 GC heap before
{Heap before GC invocations=7737 (full 12):
 PSYoungGen      total 3072K, used 3056K [0x00000000d5580000, 0x00000000d5b80000, 0x0000000100000000)
  eden space 2560K, 100% used [0x00000000d5580000,0x00000000d5800000,0x00000000d5800000)
  from space 512K, 96% used [0x00000000d5980000,0x00000000d59fc010,0x00000000d5a00000)
  to   space 1536K, 0% used [0x00000000d5800000,0x00000000d5800000,0x00000000d5980000)
 ParOldGen       total 1344512K, used 1344060K [0x0000000080000000, 0x00000000d2100000, 0x00000000d5580000)
  object space 1344512K, 99% used [0x0000000080000000,0x00000000d208f2c0,0x00000000d2100000)
 Metaspace       used 106995K, committed 108864K, reserved 1179648K
  class space    used 10691K, committed 11584K, reserved 1048576K
}
Event: 39790.793 GC heap after
{Heap after GC invocations=7737 (full 12):
 PSYoungGen      total 4096K, used 736K [0x00000000d5580000, 0x00000000d5a80000, 0x0000000100000000)
  eden space 2560K, 0% used [0x00000000d5580000,0x00000000d5580000,0x00000000d5800000)
  from space 1536K, 47% used [0x00000000d5800000,0x00000000d58b8000,0x00000000d5980000)
  to   space 1024K, 0% used [0x00000000d5980000,0x00000000d5980000,0x00000000d5a80000)
 ParOldGen       total 1345024K, used 1344572K [0x0000000080000000, 0x00000000d2180000, 0x00000000d5580000)
  object space 1345024K, 99% used [0x0000000080000000,0x00000000d210f2d0,0x00000000d2180000)
 Metaspace       used 106995K, committed 108864K, reserved 1179648K
  class space    used 10691K, committed 11584K, reserved 1048576K
}
Event: 39790.806 GC heap before
{Heap before GC invocations=7738 (full 12):
 PSYoungGen      total 4096K, used 3296K [0x00000000d5580000, 0x00000000d5a80000, 0x0000000100000000)
  eden space 2560K, 100% used [0x00000000d5580000,0x00000000d5800000,0x00000000d5800000)
  from space 1536K, 47% used [0x00000000d5800000,0x00000000d58b8000,0x00000000d5980000)
  to   space 1024K, 0% used [0x00000000d5980000,0x00000000d5980000,0x00000000d5a80000)
 ParOldGen       total 1345024K, used 1344572K [0x0000000080000000, 0x00000000d2180000, 0x00000000d5580000)
  object space 1345024K, 99% used [0x0000000080000000,0x00000000d210f2d0,0x00000000d2180000)
 Metaspace       used 106997K, committed 108864K, reserved 1179648K
  class space    used 10691K, committed 11584K, reserved 1048576K
}
Event: 39790.812 GC heap after
{Heap after GC invocations=7738 (full 12):
 PSYoungGen      total 4096K, used 416K [0x00000000d5580000, 0x00000000d5a80000, 0x0000000100000000)
  eden space 3072K, 0% used [0x00000000d5580000,0x00000000d5580000,0x00000000d5880000)
  from space 1024K, 40% used [0x00000000d5980000,0x00000000d59e8000,0x00000000d5a80000)
  to   space 1024K, 0% used [0x00000000d5880000,0x00000000d5880000,0x00000000d5980000)
 ParOldGen       total 1345536K, used 1345236K [0x0000000080000000, 0x00000000d2200000, 0x00000000d5580000)
  object space 1345536K, 99% used [0x0000000080000000,0x00000000d21b52d0,0x00000000d2200000)
 Metaspace       used 106997K, committed 108864K, reserved 1179648K
  class space    used 10691K, committed 11584K, reserved 1048576K
}
Event: 39790.819 GC heap before
{Heap before GC invocations=7739 (full 12):
 PSYoungGen      total 4096K, used 3488K [0x00000000d5580000, 0x00000000d5a80000, 0x0000000100000000)
  eden space 3072K, 100% used [0x00000000d5580000,0x00000000d5880000,0x00000000d5880000)
  from space 1024K, 40% used [0x00000000d5980000,0x00000000d59e8000,0x00000000d5a80000)
  to   space 1024K, 0% used [0x00000000d5880000,0x00000000d5880000,0x00000000d5980000)
 ParOldGen       total 1345536K, used 1345236K [0x0000000080000000, 0x00000000d2200000, 0x00000000d5580000)
  object space 1345536K, 99% used [0x0000000080000000,0x00000000d21b52d0,0x00000000d2200000)
 Metaspace       used 106997K, committed 108864K, reserved 1179648K
  class space    used 10691K, committed 11584K, reserved 1048576K
}
Event: 39790.827 GC heap after
{Heap after GC invocations=7739 (full 12):
 PSYoungGen      total 4096K, used 1008K [0x00000000d5580000, 0x00000000d5d80000, 0x0000000100000000)
  eden space 3072K, 0% used [0x00000000d5580000,0x00000000d5580000,0x00000000d5880000)
  from space 1024K, 98% used [0x00000000d5880000,0x00000000d597c010,0x00000000d5980000)
  to   space 2048K, 0% used [0x00000000d5b80000,0x00000000d5b80000,0x00000000d5d80000)
 ParOldGen       total 1346048K, used 1345860K [0x0000000080000000, 0x00000000d2280000, 0x00000000d5580000)
  object space 1346048K, 99% used [0x0000000080000000,0x00000000d22512f0,0x00000000d2280000)
 Metaspace       used 106997K, committed 108864K, reserved 1179648K
  class space    used 10691K, committed 11584K, reserved 1048576K
}
Event: 39790.841 GC heap before
{Heap before GC invocations=7740 (full 12):
 PSYoungGen      total 4096K, used 4080K [0x00000000d5580000, 0x00000000d5d80000, 0x0000000100000000)
  eden space 3072K, 100% used [0x00000000d5580000,0x00000000d5880000,0x00000000d5880000)
  from space 1024K, 98% used [0x00000000d5880000,0x00000000d597c010,0x00000000d5980000)
  to   space 2048K, 0% used [0x00000000d5b80000,0x00000000d5b80000,0x00000000d5d80000)
 ParOldGen       total 1346048K, used 1345860K [0x0000000080000000, 0x00000000d2280000, 0x00000000d5580000)
  object space 1346048K, 99% used [0x0000000080000000,0x00000000d22512f0,0x00000000d2280000)
 Metaspace       used 106997K, committed 108864K, reserved 1179648K
  class space    used 10691K, committed 11584K, reserved 1048576K
}
Event: 39790.851 GC heap after
{Heap after GC invocations=7740 (full 12):
 PSYoungGen      total 5120K, used 704K [0x00000000d5580000, 0x00000000d5c80000, 0x0000000100000000)
  eden space 4096K, 0% used [0x00000000d5580000,0x00000000d5580000,0x00000000d5980000)
  from space 1024K, 68% used [0x00000000d5b80000,0x00000000d5c30000,0x00000000d5c80000)
  to   space 1536K, 0% used [0x00000000d5980000,0x00000000d5980000,0x00000000d5b00000)
 ParOldGen       total 1347072K, used 1346884K [0x0000000080000000, 0x00000000d2380000, 0x00000000d5580000)
  object space 1347072K, 99% used [0x0000000080000000,0x00000000d2351300,0x00000000d2380000)
 Metaspace       used 106997K, committed 108864K, reserved 1179648K
  class space    used 10691K, committed 11584K, reserved 1048576K
}
Event: 39797.767 GC heap before
{Heap before GC invocations=7741 (full 12):
 PSYoungGen      total 5120K, used 4800K [0x00000000d5580000, 0x00000000d5c80000, 0x0000000100000000)
  eden space 4096K, 100% used [0x00000000d5580000,0x00000000d5980000,0x00000000d5980000)
  from space 1024K, 68% used [0x00000000d5b80000,0x00000000d5c30000,0x00000000d5c80000)
  to   space 1536K, 0% used [0x00000000d5980000,0x00000000d5980000,0x00000000d5b00000)
 ParOldGen       total 1347072K, used 1346884K [0x0000000080000000, 0x00000000d2380000, 0x00000000d5580000)
  object space 1347072K, 99% used [0x0000000080000000,0x00000000d2351300,0x00000000d2380000)
 Metaspace       used 106997K, committed 108864K, reserved 1179648K
  class space    used 10691K, committed 11584K, reserved 1048576K
}
Event: 39797.774 GC heap after
{Heap after GC invocations=7741 (full 12):
 PSYoungGen      total 5632K, used 660K [0x00000000d5580000, 0x00000000d5c80000, 0x0000000100000000)
  eden space 4096K, 0% used [0x00000000d5580000,0x00000000d5580000,0x00000000d5980000)
  from space 1536K, 43% used [0x00000000d5980000,0x00000000d5a25200,0x00000000d5b00000)
  to   space 1024K, 0% used [0x00000000d5b80000,0x00000000d5b80000,0x00000000d5c80000)
 ParOldGen       total 1347584K, used 1347516K [0x0000000080000000, 0x00000000d2400000, 0x00000000d5580000)
  object space 1347584K, 99% used [0x0000000080000000,0x00000000d23ef320,0x00000000d2400000)
 Metaspace       used 106997K, committed 108864K, reserved 1179648K
  class space    used 10691K, committed 11584K, reserved 1048576K
}
Event: 39797.804 GC heap before
{Heap before GC invocations=7742 (full 12):
 PSYoungGen      total 5632K, used 4756K [0x00000000d5580000, 0x00000000d5c80000, 0x0000000100000000)
  eden space 4096K, 100% used [0x00000000d5580000,0x00000000d5980000,0x00000000d5980000)
  from space 1536K, 43% used [0x00000000d5980000,0x00000000d5a25200,0x00000000d5b00000)
  to   space 1024K, 0% used [0x00000000d5b80000,0x00000000d5b80000,0x00000000d5c80000)
 ParOldGen       total 1347584K, used 1347516K [0x0000000080000000, 0x00000000d2400000, 0x00000000d5580000)
  object space 1347584K, 99% used [0x0000000080000000,0x00000000d23ef320,0x00000000d2400000)
 Metaspace       used 106997K, committed 108864K, reserved 1179648K
  class space    used 10691K, committed 11584K, reserved 1048576K
}
Event: 39797.812 GC heap after
{Heap after GC invocations=7742 (full 12):
 PSYoungGen      total 6144K, used 608K [0x00000000d5580000, 0x00000000d5c80000, 0x0000000100000000)
  eden space 5120K, 0% used [0x00000000d5580000,0x00000000d5580000,0x00000000d5a80000)
  from space 1024K, 59% used [0x00000000d5b80000,0x00000000d5c18000,0x00000000d5c80000)
  to   space 1024K, 0% used [0x00000000d5a80000,0x00000000d5a80000,0x00000000d5b80000)
 ParOldGen       total 1348608K, used 1348133K [0x0000000080000000, 0x00000000d2500000, 0x00000000d5580000)
  object space 1348608K, 99% used [0x0000000080000000,0x00000000d2489540,0x00000000d2500000)
 Metaspace       used 106997K, committed 108864K, reserved 1179648K
  class space    used 10691K, committed 11584K, reserved 1048576K
}
Event: 50785.669 GC heap before
{Heap before GC invocations=7743 (full 12):
 PSYoungGen      total 6144K, used 5727K [0x00000000d5580000, 0x00000000d5c80000, 0x0000000100000000)
  eden space 5120K, 99% used [0x00000000d5580000,0x00000000d5a7fff8,0x00000000d5a80000)
  from space 1024K, 59% used [0x00000000d5b80000,0x00000000d5c18000,0x00000000d5c80000)
  to   space 1024K, 0% used [0x00000000d5a80000,0x00000000d5a80000,0x00000000d5b80000)
 ParOldGen       total 1348608K, used 1348133K [0x0000000080000000, 0x00000000d2500000, 0x00000000d5580000)
  object space 1348608K, 99% used [0x0000000080000000,0x00000000d2489540,0x00000000d2500000)
 Metaspace       used 106999K, committed 108864K, reserved 1179648K
  class space    used 10691K, committed 11584K, reserved 1048576K
}
Event: 50785.682 GC heap after
{Heap after GC invocations=7743 (full 12):
 PSYoungGen      total 6144K, used 96K [0x00000000d5580000, 0x00000000d5c00000, 0x0000000100000000)
  eden space 5120K, 0% used [0x00000000d5580000,0x00000000d5580000,0x00000000d5a80000)
  from space 1024K, 9% used [0x00000000d5a80000,0x00000000d5a98000,0x00000000d5b80000)
  to   space 512K, 0% used [0x00000000d5b80000,0x00000000d5b80000,0x00000000d5c00000)
 ParOldGen       total 1349120K, used 1348695K [0x0000000080000000, 0x00000000d2580000, 0x00000000d5580000)
  object space 1349120K, 99% used [0x0000000080000000,0x00000000d2515fb0,0x00000000d2580000)
 Metaspace       used 106999K, committed 108864K, reserved 1179648K
  class space    used 10691K, committed 11584K, reserved 1048576K
}
Event: 76850.242 GC heap before
{Heap before GC invocations=7744 (full 12):
 PSYoungGen      total 6144K, used 5216K [0x00000000d5580000, 0x00000000d5c00000, 0x0000000100000000)
  eden space 5120K, 100% used [0x00000000d5580000,0x00000000d5a80000,0x00000000d5a80000)
  from space 1024K, 9% used [0x00000000d5a80000,0x00000000d5a98000,0x00000000d5b80000)
  to   space 512K, 0% used [0x00000000d5b80000,0x00000000d5b80000,0x00000000d5c00000)
 ParOldGen       total 1349120K, used 1348695K [0x0000000080000000, 0x00000000d2580000, 0x00000000d5580000)
  object space 1349120K, 99% used [0x0000000080000000,0x00000000d2515fb0,0x00000000d2580000)
 Metaspace       used 106999K, committed 108864K, reserved 1179648K
  class space    used 10691K, committed 11584K, reserved 1048576K
}
Event: 76850.248 GC heap after
{Heap after GC invocations=7744 (full 12):
 PSYoungGen      total 5632K, used 128K [0x00000000d5580000, 0x00000000d5c00000, 0x0000000100000000)
  eden space 5120K, 0% used [0x00000000d5580000,0x00000000d5580000,0x00000000d5a80000)
  from space 512K, 25% used [0x00000000d5b80000,0x00000000d5ba0000,0x00000000d5c00000)
  to   space 512K, 0% used [0x00000000d5b00000,0x00000000d5b00000,0x00000000d5b80000)
 ParOldGen       total 1349120K, used 1348759K [0x0000000080000000, 0x00000000d2580000, 0x00000000d5580000)
  object space 1349120K, 99% used [0x0000000080000000,0x00000000d2525fb0,0x00000000d2580000)
 Metaspace       used 106999K, committed 108864K, reserved 1179648K
  class space    used 10691K, committed 11584K, reserved 1048576K
}

