# JRE version: OpenJDK Runtime Environment Temurin-21.0.8+9 (21.0.8+9) (build 21.0.8+9-LTS)
# Java VM: OpenJDK 64-Bit Server VM Temurin-21.0.8+9 (21.0.8+9-LTS, mixed mode, sharing, tiered, compressed oops, compressed class ptrs, parallel gc, windows-amd64)
GC Precious Log:
 CardTable entry size: 512
 CPUs: 4 total, 4 available
 Memory: 16264M
 Large Page Support: Disabled
 NUMA Support: Disabled
 Compressed Oops: Enabled (32-bit)
 Alignments: Space 512K, Generation 512K, Heap 2M
 Heap Min Capacity: 100M
 Heap Initial Capacity: 100M
 Heap Max Capacity: 2G
 Pre-touch: Disabled
 Parallel Workers: 4
Heap:
 PSYoungGen      total 13824K, used 213K [0x00000000d5580000, 0x00000000d6700000, 0x0000000100000000)
  eden space 13312K, 0% used [0x00000000d5580000,0x00000000d5595778,0x00000000d6280000)
  from space 512K, 25% used [0x00000000d6680000,0x00000000d66a0000,0x00000000d6700000)
  to   space 1024K, 0% used [0x00000000d6500000,0x00000000d6500000,0x00000000d6600000)
 ParOldGen       total 230912K, used 230742K [0x0000000080000000, 0x000000008e180000, 0x00000000d5580000)
  object space 230912K, 99% used [0x0000000080000000,0x000000008e1558d8,0x000000008e180000)
 Metaspace       used 79224K, committed 81024K, reserved 1179648K
  class space    used 8356K, committed 9152K, reserved 1048576K
GC Heap History (20 events):
Event: 257.016 GC heap before
{Heap before GC invocations=162 (full 3):
 PSYoungGen      total 20992K, used 20992K [0x00000000d5580000, 0x00000000d6c80000, 0x0000000100000000)
  eden space 20480K, 100% used [0x00000000d5580000,0x00000000d6980000,0x00000000d6980000)
  from space 512K, 100% used [0x00000000d6c00000,0x00000000d6c80000,0x00000000d6c80000)
  to   space 1536K, 0% used [0x00000000d6980000,0x00000000d6980000,0x00000000d6b00000)
 ParOldGen       total 217088K, used 216611K [0x0000000080000000, 0x000000008d400000, 0x00000000d5580000)
  object space 217088K, 99% used [0x0000000080000000,0x000000008d388f10,0x000000008d400000)
 Metaspace       used 76029K, committed 77824K, reserved 1179648K
  class space    used 8121K, committed 8960K, reserved 1048576K
}
Event: 257.018 GC heap after
{Heap after GC invocations=162 (full 3):
 PSYoungGen      total 22016K, used 640K [0x00000000d5580000, 0x00000000d6c80000, 0x0000000100000000)
  eden space 20480K, 0% used [0x00000000d5580000,0x00000000d5580000,0x00000000d6980000)
  from space 1536K, 41% used [0x00000000d6980000,0x00000000d6a20000,0x00000000d6b00000)
  to   space 1024K, 0% used [0x00000000d6b80000,0x00000000d6b80000,0x00000000d6c80000)
 ParOldGen       total 217600K, used 217139K [0x0000000080000000, 0x000000008d480000, 0x00000000d5580000)
  object space 217600K, 99% used [0x0000000080000000,0x000000008d40cf20,0x000000008d480000)
 Metaspace       used 76029K, committed 77824K, reserved 1179648K
  class space    used 8121K, committed 8960K, reserved 1048576K
}
Event: 257.166 GC heap before
{Heap before GC invocations=163 (full 3):
 PSYoungGen      total 22016K, used 21120K [0x00000000d5580000, 0x00000000d6c80000, 0x0000000100000000)
  eden space 20480K, 100% used [0x00000000d5580000,0x00000000d6980000,0x00000000d6980000)
  from space 1536K, 41% used [0x00000000d6980000,0x00000000d6a20000,0x00000000d6b00000)
  to   space 1024K, 0% used [0x00000000d6b80000,0x00000000d6b80000,0x00000000d6c80000)
 ParOldGen       total 217600K, used 217139K [0x0000000080000000, 0x000000008d480000, 0x00000000d5580000)
  object space 217600K, 99% used [0x0000000080000000,0x000000008d40cf20,0x000000008d480000)
 Metaspace       used 76123K, committed 77888K, reserved 1179648K
  class space    used 8124K, committed 8960K, reserved 1048576K
}
Event: 257.170 GC heap after
{Heap after GC invocations=163 (full 3):
 PSYoungGen      total 21504K, used 660K [0x00000000d5580000, 0x00000000d6c80000, 0x0000000100000000)
  eden space 20480K, 0% used [0x00000000d5580000,0x00000000d5580000,0x00000000d6980000)
  from space 1024K, 64% used [0x00000000d6b80000,0x00000000d6c25200,0x00000000d6c80000)
  to   space 1024K, 0% used [0x00000000d6a80000,0x00000000d6a80000,0x00000000d6b80000)
 ParOldGen       total 218112K, used 217688K [0x0000000080000000, 0x000000008d500000, 0x00000000d5580000)
  object space 218112K, 99% used [0x0000000080000000,0x000000008d496278,0x000000008d500000)
 Metaspace       used 76123K, committed 77888K, reserved 1179648K
  class space    used 8124K, committed 8960K, reserved 1048576K
}
Event: 257.691 GC heap before
{Heap before GC invocations=164 (full 3):
 PSYoungGen      total 21504K, used 21140K [0x00000000d5580000, 0x00000000d6c80000, 0x0000000100000000)
  eden space 20480K, 100% used [0x00000000d5580000,0x00000000d6980000,0x00000000d6980000)
  from space 1024K, 64% used [0x00000000d6b80000,0x00000000d6c25200,0x00000000d6c80000)
  to   space 1024K, 0% used [0x00000000d6a80000,0x00000000d6a80000,0x00000000d6b80000)
 ParOldGen       total 218112K, used 217688K [0x0000000080000000, 0x000000008d500000, 0x00000000d5580000)
  object space 218112K, 99% used [0x0000000080000000,0x000000008d496278,0x000000008d500000)
 Metaspace       used 76383K, committed 78144K, reserved 1179648K
  class space    used 8135K, committed 8960K, reserved 1048576K
}
Event: 257.698 GC heap after
{Heap after GC invocations=164 (full 3):
 PSYoungGen      total 21504K, used 1024K [0x00000000d5580000, 0x00000000d6e80000, 0x0000000100000000)
  eden space 20480K, 0% used [0x00000000d5580000,0x00000000d5580000,0x00000000d6980000)
  from space 1024K, 100% used [0x00000000d6a80000,0x00000000d6b80000,0x00000000d6b80000)
  to   space 2560K, 0% used [0x00000000d6c00000,0x00000000d6c00000,0x00000000d6e80000)
 ParOldGen       total 219136K, used 218734K [0x0000000080000000, 0x000000008d600000, 0x00000000d5580000)
  object space 219136K, 99% used [0x0000000080000000,0x000000008d59ba10,0x000000008d600000)
 Metaspace       used 76383K, committed 78144K, reserved 1179648K
  class space    used 8135K, committed 8960K, reserved 1048576K
}
Event: 260.375 GC heap before
{Heap before GC invocations=165 (full 3):
 PSYoungGen      total 21504K, used 21504K [0x00000000d5580000, 0x00000000d6e80000, 0x0000000100000000)
  eden space 20480K, 100% used [0x00000000d5580000,0x00000000d6980000,0x00000000d6980000)
  from space 1024K, 100% used [0x00000000d6a80000,0x00000000d6b80000,0x00000000d6b80000)
  to   space 2560K, 0% used [0x00000000d6c00000,0x00000000d6c00000,0x00000000d6e80000)
 ParOldGen       total 219136K, used 218734K [0x0000000080000000, 0x000000008d600000, 0x00000000d5580000)
  object space 219136K, 99% used [0x0000000080000000,0x000000008d59ba10,0x000000008d600000)
 Metaspace       used 77214K, committed 78976K, reserved 1179648K
  class space    used 8216K, committed 9024K, reserved 1048576K
}
Event: 260.387 GC heap after
{Heap after GC invocations=165 (full 3):
 PSYoungGen      total 18432K, used 2540K [0x00000000d5580000, 0x00000000d7780000, 0x0000000100000000)
  eden space 15872K, 0% used [0x00000000d5580000,0x00000000d5580000,0x00000000d6500000)
  from space 2560K, 99% used [0x00000000d6c00000,0x00000000d6e7b208,0x00000000d6e80000)
  to   space 7168K, 0% used [0x00000000d6500000,0x00000000d6500000,0x00000000d6c00000)
 ParOldGen       total 222720K, used 222455K [0x0000000080000000, 0x000000008d980000, 0x00000000d5580000)
  object space 222720K, 99% used [0x0000000080000000,0x000000008d93dea0,0x000000008d980000)
 Metaspace       used 77214K, committed 78976K, reserved 1179648K
  class space    used 8216K, committed 9024K, reserved 1048576K
}
Event: 260.995 GC heap before
{Heap before GC invocations=166 (full 3):
 PSYoungGen      total 18432K, used 18412K [0x00000000d5580000, 0x00000000d7780000, 0x0000000100000000)
  eden space 15872K, 100% used [0x00000000d5580000,0x00000000d6500000,0x00000000d6500000)
  from space 2560K, 99% used [0x00000000d6c00000,0x00000000d6e7b208,0x00000000d6e80000)
  to   space 7168K, 0% used [0x00000000d6500000,0x00000000d6500000,0x00000000d6c00000)
 ParOldGen       total 222720K, used 222455K [0x0000000080000000, 0x000000008d980000, 0x00000000d5580000)
  object space 222720K, 99% used [0x0000000080000000,0x000000008d93dea0,0x000000008d980000)
 Metaspace       used 77455K, committed 79168K, reserved 1179648K
  class space    used 8233K, committed 9024K, reserved 1048576K
}
Event: 261.004 GC heap after
{Heap after GC invocations=166 (full 3):
 PSYoungGen      total 17408K, used 1040K [0x00000000d5580000, 0x00000000d6c80000, 0x0000000100000000)
  eden space 15872K, 0% used [0x00000000d5580000,0x00000000d5580000,0x00000000d6500000)
  from space 1536K, 67% used [0x00000000d6500000,0x00000000d6604010,0x00000000d6680000)
  to   space 3072K, 0% used [0x00000000d6980000,0x00000000d6980000,0x00000000d6c80000)
 ParOldGen       total 225280K, used 224999K [0x0000000080000000, 0x000000008dc00000, 0x00000000d5580000)
  object space 225280K, 99% used [0x0000000080000000,0x000000008dbb9db8,0x000000008dc00000)
 Metaspace       used 77455K, committed 79168K, reserved 1179648K
  class space    used 8233K, committed 9024K, reserved 1048576K
}
Event: 262.967 GC heap before
{Heap before GC invocations=167 (full 3):
 PSYoungGen      total 17408K, used 16912K [0x00000000d5580000, 0x00000000d6c80000, 0x0000000100000000)
  eden space 15872K, 100% used [0x00000000d5580000,0x00000000d6500000,0x00000000d6500000)
  from space 1536K, 67% used [0x00000000d6500000,0x00000000d6604010,0x00000000d6680000)
  to   space 3072K, 0% used [0x00000000d6980000,0x00000000d6980000,0x00000000d6c80000)
 ParOldGen       total 225280K, used 224999K [0x0000000080000000, 0x000000008dc00000, 0x00000000d5580000)
  object space 225280K, 99% used [0x0000000080000000,0x000000008dbb9db8,0x000000008dc00000)
 Metaspace       used 78144K, committed 79936K, reserved 1179648K
  class space    used 8276K, committed 9088K, reserved 1048576K
}
Event: 262.974 GC heap after
{Heap after GC invocations=167 (full 3):
 PSYoungGen      total 16384K, used 3066K [0x00000000d5580000, 0x00000000d7300000, 0x0000000100000000)
  eden space 13312K, 0% used [0x00000000d5580000,0x00000000d5580000,0x00000000d6280000)
  from space 3072K, 99% used [0x00000000d6980000,0x00000000d6c7e890,0x00000000d6c80000)
  to   space 7168K, 0% used [0x00000000d6280000,0x00000000d6280000,0x00000000d6980000)
 ParOldGen       total 228352K, used 228084K [0x0000000080000000, 0x000000008df00000, 0x00000000d5580000)
  object space 228352K, 99% used [0x0000000080000000,0x000000008debd200,0x000000008df00000)
 Metaspace       used 78144K, committed 79936K, reserved 1179648K
  class space    used 8276K, committed 9088K, reserved 1048576K
}
Event: 264.699 GC heap before
{Heap before GC invocations=168 (full 3):
 PSYoungGen      total 16384K, used 16378K [0x00000000d5580000, 0x00000000d7300000, 0x0000000100000000)
  eden space 13312K, 100% used [0x00000000d5580000,0x00000000d6280000,0x00000000d6280000)
  from space 3072K, 99% used [0x00000000d6980000,0x00000000d6c7e890,0x00000000d6c80000)
  to   space 7168K, 0% used [0x00000000d6280000,0x00000000d6280000,0x00000000d6980000)
 ParOldGen       total 228352K, used 228084K [0x0000000080000000, 0x000000008df00000, 0x00000000d5580000)
  object space 228352K, 99% used [0x0000000080000000,0x000000008debd200,0x000000008df00000)
 Metaspace       used 78225K, committed 80000K, reserved 1179648K
  class space    used 8284K, committed 9088K, reserved 1048576K
}
Event: 264.706 GC heap after
{Heap after GC invocations=168 (full 3):
 PSYoungGen      total 14848K, used 1056K [0x00000000d5580000, 0x00000000d6a00000, 0x0000000100000000)
  eden space 13312K, 0% used [0x00000000d5580000,0x00000000d5580000,0x00000000d6280000)
  from space 1536K, 68% used [0x00000000d6280000,0x00000000d6388000,0x00000000d6400000)
  to   space 3072K, 0% used [0x00000000d6700000,0x00000000d6700000,0x00000000d6a00000)
 ParOldGen       total 228864K, used 228559K [0x0000000080000000, 0x000000008df80000, 0x00000000d5580000)
  object space 228864K, 99% used [0x0000000080000000,0x000000008df33e08,0x000000008df80000)
 Metaspace       used 78225K, committed 80000K, reserved 1179648K
  class space    used 8284K, committed 9088K, reserved 1048576K
}
Event: 275.699 GC heap before
{Heap before GC invocations=169 (full 3):
 PSYoungGen      total 14848K, used 14368K [0x00000000d5580000, 0x00000000d6a00000, 0x0000000100000000)
  eden space 13312K, 100% used [0x00000000d5580000,0x00000000d6280000,0x00000000d6280000)
  from space 1536K, 68% used [0x00000000d6280000,0x00000000d6388000,0x00000000d6400000)
  to   space 3072K, 0% used [0x00000000d6700000,0x00000000d6700000,0x00000000d6a00000)
 ParOldGen       total 228864K, used 228559K [0x0000000080000000, 0x000000008df80000, 0x00000000d5580000)
  object space 228864K, 99% used [0x0000000080000000,0x000000008df33e08,0x000000008df80000)
 Metaspace       used 78914K, committed 80704K, reserved 1179648K
  class space    used 8351K, committed 9152K, reserved 1048576K
}
Event: 275.704 GC heap after
{Heap after GC invocations=169 (full 3):
 PSYoungGen      total 14336K, used 905K [0x00000000d5580000, 0x00000000d6800000, 0x0000000100000000)
  eden space 13312K, 0% used [0x00000000d5580000,0x00000000d5580000,0x00000000d6280000)
  from space 1024K, 88% used [0x00000000d6700000,0x00000000d67e2630,0x00000000d6800000)
  to   space 1536K, 0% used [0x00000000d6500000,0x00000000d6500000,0x00000000d6680000)
 ParOldGen       total 229376K, used 229007K [0x0000000080000000, 0x000000008e000000, 0x00000000d5580000)
  object space 229376K, 99% used [0x0000000080000000,0x000000008dfa3e08,0x000000008e000000)
 Metaspace       used 78914K, committed 80704K, reserved 1179648K
  class space    used 8351K, committed 9152K, reserved 1048576K
}
Event: 304.259 GC heap before
{Heap before GC invocations=170 (full 3):
 PSYoungGen      total 14336K, used 14138K [0x00000000d5580000, 0x00000000d6800000, 0x0000000100000000)
  eden space 13312K, 99% used [0x00000000d5580000,0x00000000d626c540,0x00000000d6280000)
  from space 1024K, 88% used [0x00000000d6700000,0x00000000d67e2630,0x00000000d6800000)
  to   space 1536K, 0% used [0x00000000d6500000,0x00000000d6500000,0x00000000d6680000)
 ParOldGen       total 229376K, used 229007K [0x0000000080000000, 0x000000008e000000, 0x00000000d5580000)
  object space 229376K, 99% used [0x0000000080000000,0x000000008dfa3e08,0x000000008e000000)
 Metaspace       used 79171K, committed 80960K, reserved 1179648K
  class space    used 8355K, committed 9152K, reserved 1048576K
}
Event: 304.263 GC heap after
{Heap after GC invocations=170 (full 3):
 PSYoungGen      total 14848K, used 1516K [0x00000000d5580000, 0x00000000d6780000, 0x0000000100000000)
  eden space 13312K, 0% used [0x00000000d5580000,0x00000000d5580000,0x00000000d6280000)
  from space 1536K, 98% used [0x00000000d6500000,0x00000000d667b188,0x00000000d6680000)
  to   space 1024K, 0% used [0x00000000d6680000,0x00000000d6680000,0x00000000d6780000)
 ParOldGen       total 229888K, used 229784K [0x0000000080000000, 0x000000008e080000, 0x00000000d5580000)
  object space 229888K, 99% used [0x0000000080000000,0x000000008e066190,0x000000008e080000)
 Metaspace       used 79171K, committed 80960K, reserved 1179648K
  class space    used 8355K, committed 9152K, reserved 1048576K
}
Event: 452.106 GC heap before
{Heap before GC invocations=171 (full 3):
 PSYoungGen      total 14848K, used 14828K [0x00000000d5580000, 0x00000000d6780000, 0x0000000100000000)
  eden space 13312K, 99% used [0x00000000d5580000,0x00000000d627ffe8,0x00000000d6280000)
  from space 1536K, 98% used [0x00000000d6500000,0x00000000d667b188,0x00000000d6680000)
  to   space 1024K, 0% used [0x00000000d6680000,0x00000000d6680000,0x00000000d6780000)
 ParOldGen       total 229888K, used 229784K [0x0000000080000000, 0x000000008e080000, 0x00000000d5580000)
  object space 229888K, 99% used [0x0000000080000000,0x000000008e066190,0x000000008e080000)
 Metaspace       used 79219K, committed 81024K, reserved 1179648K
  class space    used 8355K, committed 9152K, reserved 1048576K
}
Event: 452.111 GC heap after
{Heap after GC invocations=171 (full 3):
 PSYoungGen      total 13824K, used 128K [0x00000000d5580000, 0x00000000d6700000, 0x0000000100000000)
  eden space 13312K, 0% used [0x00000000d5580000,0x00000000d5580000,0x00000000d6280000)
  from space 512K, 25% used [0x00000000d6680000,0x00000000d66a0000,0x00000000d6700000)
  to   space 1024K, 0% used [0x00000000d6500000,0x00000000d6500000,0x00000000d6600000)
 ParOldGen       total 230912K, used 230742K [0x0000000080000000, 0x000000008e180000, 0x00000000d5580000)
  object space 230912K, 99% used [0x0000000080000000,0x000000008e1558d8,0x000000008e180000)
 Metaspace       used 79219K, committed 81024K, reserved 1179648K
  class space    used 8355K, committed 9152K, reserved 1048576K
}

