# JRE version: OpenJDK Runtime Environment Temurin-21.0.8+9 (21.0.8+9) (build 21.0.8+9-LTS)
# Java VM: OpenJDK 64-Bit Server VM Temurin-21.0.8+9 (21.0.8+9-LTS, mixed mode, sharing, tiered, compressed oops, compressed class ptrs, parallel gc, windows-amd64)
GC Precious Log:
 CardTable entry size: 512
 CPUs: 4 total, 4 available
 Memory: 16264M
 Large Page Support: Disabled
 NUMA Support: Disabled
 Compressed Oops: Enabled (32-bit)
 Alignments: Space 512K, Generation 512K, Heap 2M
 Heap Min Capacity: 100M
 Heap Initial Capacity: 100M
 Heap Max Capacity: 2G
 Pre-touch: Disabled
 Parallel Workers: 4
Heap:
 PSYoungGen      total 3072K, used 2162K [0x00000000d5580000, 0x00000000d5900000, 0x0000000100000000)
  eden space 2048K, 85% used [0x00000000d5580000,0x00000000d57349c0,0x00000000d5780000)
  from space 1024K, 40% used [0x00000000d5780000,0x00000000d57e8000,0x00000000d5880000)
  to   space 512K, 0% used [0x00000000d5880000,0x00000000d5880000,0x00000000d5900000)
 ParOldGen       total 666624K, used 191093K [0x0000000080000000, 0x00000000a8b00000, 0x00000000d5580000)
  object space 666624K, 28% used [0x0000000080000000,0x000000008ba9d550,0x00000000a8b00000)
 Metaspace       used 92178K, committed 94272K, reserved 1179648K
  class space    used 9331K, committed 10304K, reserved 1048576K
GC Heap History (20 events):
Event: 87527.027 GC heap before
{Heap before GC invocations=979 (full 5):
 PSYoungGen      total 2560K, used 2336K [0x00000000d5580000, 0x00000000d5900000, 0x0000000100000000)
  eden space 2048K, 100% used [0x00000000d5580000,0x00000000d5780000,0x00000000d5780000)
  from space 512K, 56% used [0x00000000d5780000,0x00000000d57c8000,0x00000000d5800000)
  to   space 512K, 0% used [0x00000000d5880000,0x00000000d5880000,0x00000000d5900000)
 ParOldGen       total 666624K, used 187996K [0x0000000080000000, 0x00000000a8b00000, 0x00000000d5580000)
  object space 666624K, 28% used [0x0000000080000000,0x000000008b7971a8,0x00000000a8b00000)
 Metaspace       used 92161K, committed 94272K, reserved 1179648K
  class space    used 9331K, committed 10304K, reserved 1048576K
}
Event: 87527.030 GC heap after
{Heap after GC invocations=979 (full 5):
 PSYoungGen      total 2560K, used 410K [0x00000000d5580000, 0x00000000d5900000, 0x0000000100000000)
  eden space 2048K, 0% used [0x00000000d5580000,0x00000000d5580000,0x00000000d5780000)
  from space 512K, 80% used [0x00000000d5880000,0x00000000d58e6900,0x00000000d5900000)
  to   space 512K, 0% used [0x00000000d5780000,0x00000000d5780000,0x00000000d5800000)
 ParOldGen       total 666624K, used 188224K [0x0000000080000000, 0x00000000a8b00000, 0x00000000d5580000)
  object space 666624K, 28% used [0x0000000080000000,0x000000008b7d01b8,0x00000000a8b00000)
 Metaspace       used 92161K, committed 94272K, reserved 1179648K
  class space    used 9331K, committed 10304K, reserved 1048576K
}
Event: 87527.043 GC heap before
{Heap before GC invocations=980 (full 5):
 PSYoungGen      total 2560K, used 2458K [0x00000000d5580000, 0x00000000d5900000, 0x0000000100000000)
  eden space 2048K, 100% used [0x00000000d5580000,0x00000000d5780000,0x00000000d5780000)
  from space 512K, 80% used [0x00000000d5880000,0x00000000d58e6900,0x00000000d5900000)
  to   space 512K, 0% used [0x00000000d5780000,0x00000000d5780000,0x00000000d5800000)
 ParOldGen       total 666624K, used 188224K [0x0000000080000000, 0x00000000a8b00000, 0x00000000d5580000)
  object space 666624K, 28% used [0x0000000080000000,0x000000008b7d01b8,0x00000000a8b00000)
 Metaspace       used 92161K, committed 94272K, reserved 1179648K
  class space    used 9331K, committed 10304K, reserved 1048576K
}
Event: 87527.045 GC heap after
{Heap after GC invocations=980 (full 5):
 PSYoungGen      total 2560K, used 288K [0x00000000d5580000, 0x00000000d5900000, 0x0000000100000000)
  eden space 2048K, 0% used [0x00000000d5580000,0x00000000d5580000,0x00000000d5780000)
  from space 512K, 56% used [0x00000000d5780000,0x00000000d57c8000,0x00000000d5800000)
  to   space 512K, 0% used [0x00000000d5880000,0x00000000d5880000,0x00000000d5900000)
 ParOldGen       total 666624K, used 188593K [0x0000000080000000, 0x00000000a8b00000, 0x00000000d5580000)
  object space 666624K, 28% used [0x0000000080000000,0x000000008b82c698,0x00000000a8b00000)
 Metaspace       used 92161K, committed 94272K, reserved 1179648K
  class space    used 9331K, committed 10304K, reserved 1048576K
}
Event: 87527.863 GC heap before
{Heap before GC invocations=981 (full 5):
 PSYoungGen      total 2560K, used 2336K [0x00000000d5580000, 0x00000000d5900000, 0x0000000100000000)
  eden space 2048K, 100% used [0x00000000d5580000,0x00000000d5780000,0x00000000d5780000)
  from space 512K, 56% used [0x00000000d5780000,0x00000000d57c8000,0x00000000d5800000)
  to   space 512K, 0% used [0x00000000d5880000,0x00000000d5880000,0x00000000d5900000)
 ParOldGen       total 666624K, used 188593K [0x0000000080000000, 0x00000000a8b00000, 0x00000000d5580000)
  object space 666624K, 28% used [0x0000000080000000,0x000000008b82c698,0x00000000a8b00000)
 Metaspace       used 92174K, committed 94272K, reserved 1179648K
  class space    used 9331K, committed 10304K, reserved 1048576K
}
Event: 87527.865 GC heap after
{Heap after GC invocations=981 (full 5):
 PSYoungGen      total 2560K, used 416K [0x00000000d5580000, 0x00000000d5900000, 0x0000000100000000)
  eden space 2048K, 0% used [0x00000000d5580000,0x00000000d5580000,0x00000000d5780000)
  from space 512K, 81% used [0x00000000d5880000,0x00000000d58e8000,0x00000000d5900000)
  to   space 512K, 0% used [0x00000000d5780000,0x00000000d5780000,0x00000000d5800000)
 ParOldGen       total 666624K, used 188809K [0x0000000080000000, 0x00000000a8b00000, 0x00000000d5580000)
  object space 666624K, 28% used [0x0000000080000000,0x000000008b8626b8,0x00000000a8b00000)
 Metaspace       used 92174K, committed 94272K, reserved 1179648K
  class space    used 9331K, committed 10304K, reserved 1048576K
}
Event: 87527.872 GC heap before
{Heap before GC invocations=982 (full 5):
 PSYoungGen      total 2560K, used 2464K [0x00000000d5580000, 0x00000000d5900000, 0x0000000100000000)
  eden space 2048K, 100% used [0x00000000d5580000,0x00000000d5780000,0x00000000d5780000)
  from space 512K, 81% used [0x00000000d5880000,0x00000000d58e8000,0x00000000d5900000)
  to   space 512K, 0% used [0x00000000d5780000,0x00000000d5780000,0x00000000d5800000)
 ParOldGen       total 666624K, used 188809K [0x0000000080000000, 0x00000000a8b00000, 0x00000000d5580000)
  object space 666624K, 28% used [0x0000000080000000,0x000000008b8626b8,0x00000000a8b00000)
 Metaspace       used 92174K, committed 94272K, reserved 1179648K
  class space    used 9331K, committed 10304K, reserved 1048576K
}
Event: 87527.874 GC heap after
{Heap after GC invocations=982 (full 5):
 PSYoungGen      total 2560K, used 394K [0x00000000d5580000, 0x00000000d5900000, 0x0000000100000000)
  eden space 2048K, 0% used [0x00000000d5580000,0x00000000d5580000,0x00000000d5780000)
  from space 512K, 77% used [0x00000000d5780000,0x00000000d57e2910,0x00000000d5800000)
  to   space 512K, 0% used [0x00000000d5880000,0x00000000d5880000,0x00000000d5900000)
 ParOldGen       total 666624K, used 189166K [0x0000000080000000, 0x00000000a8b00000, 0x00000000d5580000)
  object space 666624K, 28% used [0x0000000080000000,0x000000008b8bb940,0x00000000a8b00000)
 Metaspace       used 92174K, committed 94272K, reserved 1179648K
  class space    used 9331K, committed 10304K, reserved 1048576K
}
Event: 87527.882 GC heap before
{Heap before GC invocations=983 (full 5):
 PSYoungGen      total 2560K, used 2442K [0x00000000d5580000, 0x00000000d5900000, 0x0000000100000000)
  eden space 2048K, 100% used [0x00000000d5580000,0x00000000d5780000,0x00000000d5780000)
  from space 512K, 77% used [0x00000000d5780000,0x00000000d57e2910,0x00000000d5800000)
  to   space 512K, 0% used [0x00000000d5880000,0x00000000d5880000,0x00000000d5900000)
 ParOldGen       total 666624K, used 189166K [0x0000000080000000, 0x00000000a8b00000, 0x00000000d5580000)
  object space 666624K, 28% used [0x0000000080000000,0x000000008b8bb940,0x00000000a8b00000)
 Metaspace       used 92174K, committed 94272K, reserved 1179648K
  class space    used 9331K, committed 10304K, reserved 1048576K
}
Event: 87527.884 GC heap after
{Heap after GC invocations=983 (full 5):
 PSYoungGen      total 2560K, used 224K [0x00000000d5580000, 0x00000000d5900000, 0x0000000100000000)
  eden space 2048K, 0% used [0x00000000d5580000,0x00000000d5580000,0x00000000d5780000)
  from space 512K, 43% used [0x00000000d5880000,0x00000000d58b8000,0x00000000d5900000)
  to   space 512K, 0% used [0x00000000d5780000,0x00000000d5780000,0x00000000d5800000)
 ParOldGen       total 666624K, used 189522K [0x0000000080000000, 0x00000000a8b00000, 0x00000000d5580000)
  object space 666624K, 28% used [0x0000000080000000,0x000000008b914b50,0x00000000a8b00000)
 Metaspace       used 92174K, committed 94272K, reserved 1179648K
  class space    used 9331K, committed 10304K, reserved 1048576K
}
Event: 87528.294 GC heap before
{Heap before GC invocations=984 (full 5):
 PSYoungGen      total 2560K, used 2272K [0x00000000d5580000, 0x00000000d5900000, 0x0000000100000000)
  eden space 2048K, 100% used [0x00000000d5580000,0x00000000d5780000,0x00000000d5780000)
  from space 512K, 43% used [0x00000000d5880000,0x00000000d58b8000,0x00000000d5900000)
  to   space 512K, 0% used [0x00000000d5780000,0x00000000d5780000,0x00000000d5800000)
 ParOldGen       total 666624K, used 189522K [0x0000000080000000, 0x00000000a8b00000, 0x00000000d5580000)
  object space 666624K, 28% used [0x0000000080000000,0x000000008b914b50,0x00000000a8b00000)
 Metaspace       used 92175K, committed 94272K, reserved 1179648K
  class space    used 9331K, committed 10304K, reserved 1048576K
}
Event: 87528.295 GC heap after
{Heap after GC invocations=984 (full 5):
 PSYoungGen      total 2560K, used 384K [0x00000000d5580000, 0x00000000d5900000, 0x0000000100000000)
  eden space 2048K, 0% used [0x00000000d5580000,0x00000000d5580000,0x00000000d5780000)
  from space 512K, 75% used [0x00000000d5780000,0x00000000d57e0000,0x00000000d5800000)
  to   space 512K, 0% used [0x00000000d5880000,0x00000000d5880000,0x00000000d5900000)
 ParOldGen       total 666624K, used 189754K [0x0000000080000000, 0x00000000a8b00000, 0x00000000d5580000)
  object space 666624K, 28% used [0x0000000080000000,0x000000008b94eb70,0x00000000a8b00000)
 Metaspace       used 92175K, committed 94272K, reserved 1179648K
  class space    used 9331K, committed 10304K, reserved 1048576K
}
Event: 87528.409 GC heap before
{Heap before GC invocations=985 (full 5):
 PSYoungGen      total 2560K, used 2432K [0x00000000d5580000, 0x00000000d5900000, 0x0000000100000000)
  eden space 2048K, 100% used [0x00000000d5580000,0x00000000d5780000,0x00000000d5780000)
  from space 512K, 75% used [0x00000000d5780000,0x00000000d57e0000,0x00000000d5800000)
  to   space 512K, 0% used [0x00000000d5880000,0x00000000d5880000,0x00000000d5900000)
 ParOldGen       total 666624K, used 189754K [0x0000000080000000, 0x00000000a8b00000, 0x00000000d5580000)
  object space 666624K, 28% used [0x0000000080000000,0x000000008b94eb70,0x00000000a8b00000)
 Metaspace       used 92175K, committed 94272K, reserved 1179648K
  class space    used 9331K, committed 10304K, reserved 1048576K
}
Event: 87528.411 GC heap after
{Heap after GC invocations=985 (full 5):
 PSYoungGen      total 2560K, used 394K [0x00000000d5580000, 0x00000000d5900000, 0x0000000100000000)
  eden space 2048K, 0% used [0x00000000d5580000,0x00000000d5580000,0x00000000d5780000)
  from space 512K, 77% used [0x00000000d5880000,0x00000000d58e2910,0x00000000d5900000)
  to   space 512K, 0% used [0x00000000d5780000,0x00000000d5780000,0x00000000d5800000)
 ParOldGen       total 666624K, used 190090K [0x0000000080000000, 0x00000000a8b00000, 0x00000000d5580000)
  object space 666624K, 28% used [0x0000000080000000,0x000000008b9a2b70,0x00000000a8b00000)
 Metaspace       used 92175K, committed 94272K, reserved 1179648K
  class space    used 9331K, committed 10304K, reserved 1048576K
}
Event: 87528.418 GC heap before
{Heap before GC invocations=986 (full 5):
 PSYoungGen      total 2560K, used 2442K [0x00000000d5580000, 0x00000000d5900000, 0x0000000100000000)
  eden space 2048K, 99% used [0x00000000d5580000,0x00000000d577fff8,0x00000000d5780000)
  from space 512K, 77% used [0x00000000d5880000,0x00000000d58e2910,0x00000000d5900000)
  to   space 512K, 0% used [0x00000000d5780000,0x00000000d5780000,0x00000000d5800000)
 ParOldGen       total 666624K, used 190090K [0x0000000080000000, 0x00000000a8b00000, 0x00000000d5580000)
  object space 666624K, 28% used [0x0000000080000000,0x000000008b9a2b70,0x00000000a8b00000)
 Metaspace       used 92175K, committed 94272K, reserved 1179648K
  class space    used 9331K, committed 10304K, reserved 1048576K
}
Event: 87528.420 GC heap after
{Heap after GC invocations=986 (full 5):
 PSYoungGen      total 2560K, used 256K [0x00000000d5580000, 0x00000000d5900000, 0x0000000100000000)
  eden space 2048K, 0% used [0x00000000d5580000,0x00000000d5580000,0x00000000d5780000)
  from space 512K, 50% used [0x00000000d5780000,0x00000000d57c0000,0x00000000d5800000)
  to   space 512K, 0% used [0x00000000d5880000,0x00000000d5880000,0x00000000d5900000)
 ParOldGen       total 666624K, used 190452K [0x0000000080000000, 0x00000000a8b00000, 0x00000000d5580000)
  object space 666624K, 28% used [0x0000000080000000,0x000000008b9fd050,0x00000000a8b00000)
 Metaspace       used 92175K, committed 94272K, reserved 1179648K
  class space    used 9331K, committed 10304K, reserved 1048576K
}
Event: 87528.437 GC heap before
{Heap before GC invocations=987 (full 5):
 PSYoungGen      total 2560K, used 2304K [0x00000000d5580000, 0x00000000d5900000, 0x0000000100000000)
  eden space 2048K, 100% used [0x00000000d5580000,0x00000000d5780000,0x00000000d5780000)
  from space 512K, 50% used [0x00000000d5780000,0x00000000d57c0000,0x00000000d5800000)
  to   space 512K, 0% used [0x00000000d5880000,0x00000000d5880000,0x00000000d5900000)
 ParOldGen       total 666624K, used 190452K [0x0000000080000000, 0x00000000a8b00000, 0x00000000d5580000)
  object space 666624K, 28% used [0x0000000080000000,0x000000008b9fd050,0x00000000a8b00000)
 Metaspace       used 92175K, committed 94272K, reserved 1179648K
  class space    used 9331K, committed 10304K, reserved 1048576K
}
Event: 87528.439 GC heap after
{Heap after GC invocations=987 (full 5):
 PSYoungGen      total 2560K, used 484K [0x00000000d5580000, 0x00000000d5980000, 0x0000000100000000)
  eden space 2048K, 0% used [0x00000000d5580000,0x00000000d5580000,0x00000000d5780000)
  from space 512K, 94% used [0x00000000d5880000,0x00000000d58f9210,0x00000000d5900000)
  to   space 1024K, 0% used [0x00000000d5780000,0x00000000d5780000,0x00000000d5880000)
 ParOldGen       total 666624K, used 190636K [0x0000000080000000, 0x00000000a8b00000, 0x00000000d5580000)
  object space 666624K, 28% used [0x0000000080000000,0x000000008ba2b050,0x00000000a8b00000)
 Metaspace       used 92175K, committed 94272K, reserved 1179648K
  class space    used 9331K, committed 10304K, reserved 1048576K
}
Event: 87528.450 GC heap before
{Heap before GC invocations=988 (full 5):
 PSYoungGen      total 2560K, used 2532K [0x00000000d5580000, 0x00000000d5980000, 0x0000000100000000)
  eden space 2048K, 100% used [0x00000000d5580000,0x00000000d5780000,0x00000000d5780000)
  from space 512K, 94% used [0x00000000d5880000,0x00000000d58f9210,0x00000000d5900000)
  to   space 1024K, 0% used [0x00000000d5780000,0x00000000d5780000,0x00000000d5880000)
 ParOldGen       total 666624K, used 190636K [0x0000000080000000, 0x00000000a8b00000, 0x00000000d5580000)
  object space 666624K, 28% used [0x0000000080000000,0x000000008ba2b050,0x00000000a8b00000)
 Metaspace       used 92176K, committed 94272K, reserved 1179648K
  class space    used 9331K, committed 10304K, reserved 1048576K
}
Event: 87528.452 GC heap after
{Heap after GC invocations=988 (full 5):
 PSYoungGen      total 3072K, used 416K [0x00000000d5580000, 0x00000000d5900000, 0x0000000100000000)
  eden space 2048K, 0% used [0x00000000d5580000,0x00000000d5580000,0x00000000d5780000)
  from space 1024K, 40% used [0x00000000d5780000,0x00000000d57e8000,0x00000000d5880000)
  to   space 512K, 0% used [0x00000000d5880000,0x00000000d5880000,0x00000000d5900000)
 ParOldGen       total 666624K, used 191093K [0x0000000080000000, 0x00000000a8b00000, 0x00000000d5580000)
  object space 666624K, 28% used [0x0000000080000000,0x000000008ba9d550,0x00000000a8b00000)
 Metaspace       used 92176K, committed 94272K, reserved 1179648K
  class space    used 9331K, committed 10304K, reserved 1048576K
}

